<?xml version="1.0" encoding="UTF-8"?>
<robot generator="Robot 7.0 (Python 3.11.7 on linux)" generated="2024-02-02T15:36:45.762694" rpa="false" schemaversion="5">
<suite id="s1" name="Test" source="/home/jshc/ITHS/TestAutomation/RobotFramework/ExerciseGroup/test.robot">
<test id="s1-t1" name="Scenario: Login 'Automationplayground.com'" line="27">
<kw name="Set Selenium Speed" owner="SeleniumLibrary">
<arg>0.5</arg>
<doc>Sets the delay that is waited after each Selenium command.</doc>
<status status="PASS" start="2024-02-02T15:36:45.845288" elapsed="0.000181"/>
</kw>
<kw name="Given User Is On Login Page">
<kw name="Open Browser" owner="SeleniumLibrary">
<msg time="2024-02-02T15:36:45.846048" level="INFO">Opening browser 'Chrome' to base url 'None'.</msg>
<arg>browser=Chrome</arg>
<doc>Opens a new browser instance to the optional ``url``.</doc>
<status status="PASS" start="2024-02-02T15:36:45.845935" elapsed="0.453218"/>
</kw>
<kw name="Go To" owner="SeleniumLibrary">
<msg time="2024-02-02T15:36:46.299541" level="INFO">Opening url 'https://automationplayground.com/crm/login.html'</msg>
<arg>https://automationplayground.com/crm/login.html</arg>
<doc>Navigates the current browser window to the provided ``url``.</doc>
<status status="PASS" start="2024-02-02T15:36:46.299375" elapsed="1.036746"/>
</kw>
<status status="PASS" start="2024-02-02T15:36:45.845710" elapsed="1.490604"/>
</kw>
<kw name="When User Inputs Their Credentials">
<kw name="Input Text" owner="SeleniumLibrary">
<msg time="2024-02-02T15:36:47.337529" level="INFO">Typing text 'JohnDoe@hotmail.com' into text field '//input[@id='email-id']'.</msg>
<arg>//input[@id='email-id']</arg>
<arg>${userEmail}</arg>
<doc>Types the given ``text`` into the text field identified by ``locator``.</doc>
<status status="PASS" start="2024-02-02T15:36:47.337018" elapsed="1.576777"/>
</kw>
<kw name="Input Password" owner="SeleniumLibrary">
<msg time="2024-02-02T15:36:48.914324" level="INFO">Typing password into text field '//input[@id='password']'.</msg>
<msg time="2024-02-02T15:36:49.938369" level="INFO">Temporally setting log level to: NONE</msg>
<arg>//input[@id='password']</arg>
<arg>${userPass}</arg>
<doc>Types the given password into the text field identified by ``locator``.</doc>
<status status="PASS" start="2024-02-02T15:36:48.914052" elapsed="1.559818"/>
</kw>
<kw name="Click Button" owner="SeleniumLibrary">
<msg time="2024-02-02T15:36:50.474304" level="INFO">Clicking button '//button[@id='submit-id']'.</msg>
<arg>//button[@id='submit-id']</arg>
<doc>Clicks the button identified by ``locator``.</doc>
<status status="PASS" start="2024-02-02T15:36:50.474091" elapsed="2.691651"/>
</kw>
<status status="PASS" start="2024-02-02T15:36:47.336677" elapsed="5.829258"/>
</kw>
<kw name="Then User Should Be Logged In And See The 'Our Happy Customers' Page">
<kw name="Wait Until Page Contains Element" owner="SeleniumLibrary">
<arg>//h2[normalize-space()='Our Happy Customers']</arg>
<doc>Waits until the element ``locator`` appears on the current page.</doc>
<status status="PASS" start="2024-02-02T15:36:53.166595" elapsed="0.508716"/>
</kw>
<kw name="Wait Until Page Contains Element" owner="SeleniumLibrary">
<arg>//a[@id='new-customer']</arg>
<doc>Waits until the element ``locator`` appears on the current page.</doc>
<status status="PASS" start="2024-02-02T15:36:53.675629" elapsed="0.509647"/>
</kw>
<status status="PASS" start="2024-02-02T15:36:53.166283" elapsed="1.019140"/>
</kw>
<doc>User attempts to login 'Automationplayground.com'</doc>
<tag>Login</tag>
<status status="PASS" start="2024-02-02T15:36:45.844545" elapsed="8.341077"/>
</test>
<test id="s1-t2" name="Scenario: Create new customer" line="35">
<kw name="Given User has clicked new customer">
<kw name="Click Link" owner="SeleniumLibrary">
<msg time="2024-02-02T15:36:54.186722" level="INFO">Clicking link '//a[@id="new-customer"]'.</msg>
<arg>${newCustomerButton}</arg>
<doc>Clicks a link identified by ``locator``.</doc>
<status status="PASS" start="2024-02-02T15:36:54.186564" elapsed="1.819623"/>
</kw>
<kw name="Wait Until Page Contains Element" owner="SeleniumLibrary">
<arg>//h2[text()="Add Customer"]</arg>
<doc>Waits until the element ``locator`` appears on the current page.</doc>
<status status="PASS" start="2024-02-02T15:36:56.006397" elapsed="0.509394"/>
</kw>
<status status="PASS" start="2024-02-02T15:36:54.186367" elapsed="2.329661"/>
</kw>
<kw name="When User has entered info and clicked submit">
<kw name="Input Text" owner="SeleniumLibrary">
<msg time="2024-02-02T15:36:56.517280" level="INFO">Typing text 'JohnDoe@hotmail.com' into text field '//*[@id="EmailAddress"]'.</msg>
<arg>${emailInput}</arg>
<arg>${userEmail}</arg>
<doc>Types the given ``text`` into the text field identified by ``locator``.</doc>
<status status="PASS" start="2024-02-02T15:36:56.517016" elapsed="1.562841"/>
</kw>
<kw name="Input Text" owner="SeleniumLibrary">
<msg time="2024-02-02T15:36:58.080327" level="INFO">Typing text 'John' into text field '//*[@id="FirstName"]'.</msg>
<arg>${firstNameInput}</arg>
<arg>${firstName}</arg>
<doc>Types the given ``text`` into the text field identified by ``locator``.</doc>
<status status="PASS" start="2024-02-02T15:36:58.080066" elapsed="1.558072"/>
</kw>
<kw name="Input Text" owner="SeleniumLibrary">
<msg time="2024-02-02T15:36:59.638607" level="INFO">Typing text 'Doe' into text field '//*[@id="LastName"]'.</msg>
<arg>${lastNameInput}</arg>
<arg>${lastName}</arg>
<doc>Types the given ``text`` into the text field identified by ``locator``.</doc>
<status status="PASS" start="2024-02-02T15:36:59.638355" elapsed="1.562174"/>
</kw>
<kw name="Input Text" owner="SeleniumLibrary">
<msg time="2024-02-02T15:37:01.201059" level="INFO">Typing text 'Detroit' into text field '//*[@id="City"]'.</msg>
<arg>${cityInput}</arg>
<arg>${city}</arg>
<doc>Types the given ``text`` into the text field identified by ``locator``.</doc>
<status status="PASS" start="2024-02-02T15:37:01.200735" elapsed="1.557150"/>
</kw>
<kw name="Select From List By Value" owner="SeleniumLibrary">
<msg time="2024-02-02T15:37:02.758584" level="INFO">Selecting options from selection list '//*[@id="StateOrRegion"]' by value MI.</msg>
<arg>${stateInput}</arg>
<arg>${state}</arg>
<doc>Selects options from selection list ``locator`` by ``values``.</doc>
<status status="PASS" start="2024-02-02T15:37:02.758187" elapsed="4.065734"/>
</kw>
<kw name="Select Radio Button" owner="SeleniumLibrary">
<msg time="2024-02-02T15:37:06.824355" level="INFO">Selecting 'male' from radio button 'gender'.</msg>
<arg>${genderRadioName}</arg>
<arg>${genderRadioValue}</arg>
<doc>Sets the radio button group ``group_name`` to ``value``.</doc>
<status status="PASS" start="2024-02-02T15:37:06.824132" elapsed="1.541529"/>
</kw>
<kw name="Select Checkbox" owner="SeleniumLibrary">
<msg time="2024-02-02T15:37:08.366475" level="INFO">Selecting checkbox '//input[@type="checkbox" and @name="promos-name"]'.</msg>
<arg>${addToPromotionalListChecbox}</arg>
<doc>Selects the checkbox identified by ``locator``.</doc>
<status status="PASS" start="2024-02-02T15:37:08.366002" elapsed="2.557855"/>
</kw>
<kw name="Click Button" owner="SeleniumLibrary">
<msg time="2024-02-02T15:37:10.924520" level="INFO">Clicking button '//button[@type="submit" and text()="Submit"]'.</msg>
<arg>${submitButton}</arg>
<doc>Clicks the button identified by ``locator``.</doc>
<status status="PASS" start="2024-02-02T15:37:10.924150" elapsed="2.703343"/>
</kw>
<status status="PASS" start="2024-02-02T15:36:56.516505" elapsed="17.111132"/>
</kw>
<kw name="Then A new customer should be created">
<kw name="Wait Until Page Contains Element" owner="SeleniumLibrary">
<arg>//div[@id="Success"]</arg>
<doc>Waits until the element ``locator`` appears on the current page.</doc>
<status status="PASS" start="2024-02-02T15:37:13.628213" elapsed="0.509068"/>
</kw>
<kw name="Wait Until Page Contains" owner="SeleniumLibrary">
<arg>Success! New customer added.</arg>
<doc>Waits until ``text`` appears on the current page.</doc>
<status status="PASS" start="2024-02-02T15:37:14.137466" elapsed="0.508192"/>
</kw>
<kw name="Close Browser" owner="SeleniumLibrary">
<doc>Closes the current browser.</doc>
<status status="PASS" start="2024-02-02T15:37:14.645869" elapsed="0.557048"/>
</kw>
<status status="PASS" start="2024-02-02T15:37:13.627952" elapsed="1.575227"/>
</kw>
<doc>User attempts to create a new //a[@id="new-customer"]</doc>
<tag>Create Customer</tag>
<status status="PASS" start="2024-02-02T15:36:54.185921" elapsed="21.017450"/>
</test>
<doc>test for automationplayground.com</doc>
<status status="PASS" start="2024-02-02T15:36:45.763280" elapsed="29.440506"/>
</suite>
<statistics>
<total>
<stat pass="2" fail="0" skip="0">All Tests</stat>
</total>
<tag>
<stat pass="1" fail="0" skip="0">Create Customer</stat>
<stat pass="1" fail="0" skip="0">Login</stat>
</tag>
<suite>
<stat pass="2" fail="0" skip="0" id="s1" name="Test">Test</stat>
</suite>
</statistics>
<errors>
</errors>
</robot>
